34 2024-12-24 10:48:15,203 ERROR c.a.a.e.GlobalExceptionHandler [http-nio-9090-exec-3] Failed to convert from type [java.lang.Object[]] to type [@org.springframework.data.jpa.repository.Query java.util.HashMap<java.lang.String, java.lang.String>] for value [{...}]
34 2024-12-24 10:55:49,218 ERROR c.a.a.e.GlobalExceptionHandler [http-nio-9090-exec-5] No static resource api/v1/cart/view.
150 2024-12-24 10:58:37,634 ERROR o.h.e.j.s.SqlExceptionHelper [http-nio-9090-exec-6] Duplicate entry '4' for key 'cart.UKqg5ljl0cgusoj69qyty46wrqn'
34 2024-12-24 10:58:37,641 ERROR c.a.a.e.GlobalExceptionHandler [http-nio-9090-exec-6] could not execute statement [Duplicate entry '4' for key 'cart.UKqg5ljl0cgusoj69qyty46wrqn'] [insert into cart (product,timestamp,user) values (?,?,?)]; SQL [insert into cart (product,timestamp,user) values (?,?,?)]; constraint [cart.UKqg5ljl0cgusoj69qyty46wrqn]
150 2024-12-24 11:21:28,625 ERROR o.h.e.j.s.SqlExceptionHelper [http-nio-9090-exec-3] Unknown column 'cart.product' in 'on clause'
34 2024-12-24 11:21:28,632 ERROR c.a.a.e.GlobalExceptionHandler [http-nio-9090-exec-3] JDBC exception executing SQL [select cart.cart_id,cart.timestamp,product.product_name,product.product_price,product.product_quantity,user.user_name,user.user_email,user.phone_number,user.user_age from cart join product on cart.product=product.product_id join user on cart.user=user.user_id] [Unknown column 'cart.product' in 'on clause'] [n/a]; SQL [n/a]
150 2024-12-24 11:32:34,859 ERROR o.h.e.j.s.SqlExceptionHelper [http-nio-9090-exec-3] Column 'product' not found.
34 2024-12-24 11:32:34,866 ERROR c.a.a.e.GlobalExceptionHandler [http-nio-9090-exec-3] Unable to find column position by name: product [Column 'product' not found.] [n/a]; SQL [n/a]
150 2024-12-24 11:33:21,244 ERROR o.h.e.j.s.SqlExceptionHelper [http-nio-9090-exec-5] Column 'product' not found.
34 2024-12-24 11:33:21,246 ERROR c.a.a.e.GlobalExceptionHandler [http-nio-9090-exec-5] Unable to find column position by name: product [Column 'product' not found.] [n/a]; SQL [n/a]
34 2024-12-24 11:45:22,179 ERROR c.a.a.e.GlobalExceptionHandler [http-nio-9090-exec-1] cart not found
150 2024-12-24 11:45:34,007 ERROR o.h.e.j.s.SqlExceptionHelper [http-nio-9090-exec-4] Field 'product' doesn't have a default value
34 2024-12-24 11:45:34,012 ERROR c.a.a.e.GlobalExceptionHandler [http-nio-9090-exec-4] could not execute statement [Field 'product' doesn't have a default value] [insert into product (product_name,product_price,product_quantity) values (?,?,?)]
34 2024-12-24 11:46:14,902 ERROR c.a.a.e.GlobalExceptionHandler [http-nio-9090-exec-9] cart not found
34 2024-12-24 11:46:30,971 ERROR c.a.a.e.GlobalExceptionHandler [http-nio-9090-exec-1] cart not found
150 2024-12-24 11:48:36,045 ERROR o.h.e.j.s.SqlExceptionHelper [http-nio-9090-exec-4] Field 'product' doesn't have a default value
34 2024-12-24 11:48:36,049 ERROR c.a.a.e.GlobalExceptionHandler [http-nio-9090-exec-4] could not execute statement [Field 'product' doesn't have a default value] [insert into product (product_name,product_price,product_quantity) values (?,?,?)]
150 2024-12-24 11:49:43,537 ERROR o.h.e.j.s.SqlExceptionHelper [http-nio-9090-exec-2] Field 'product' doesn't have a default value
34 2024-12-24 11:49:43,544 ERROR c.a.a.e.GlobalExceptionHandler [http-nio-9090-exec-2] could not execute statement [Field 'product' doesn't have a default value] [insert into product (product_name,product_price,product_quantity) values (?,?,?)]
150 2024-12-24 12:11:35,224 ERROR o.h.e.j.s.SqlExceptionHelper [http-nio-9090-exec-3] You have an error in your SQL syntax; check the manual that corresponds to your MySQL server version for the right syntax to use near 'from cart set cart_quantity=2 where cart_id=1' at line 1
34 2024-12-24 12:11:35,231 ERROR c.a.a.e.GlobalExceptionHandler [http-nio-9090-exec-3] JDBC exception executing SQL [update from cart set cart_quantity=? where cart_id=?] [You have an error in your SQL syntax; check the manual that corresponds to your MySQL server version for the right syntax to use near 'from cart set cart_quantity=2 where cart_id=1' at line 1] [n/a]; SQL [n/a]
436 2024-12-24 12:25:06,575 ERROR o.s.o.j.LocalContainerEntityManagerFactoryBean [restartedMain] Failed to initialize JPA EntityManagerFactory: Property 'com.adminpanel.adminpanel.models.PaymentModel.cartModel' is a '@ManyToOne' association and may not use '@Column' to specify column mappings (use '@JoinColumn' instead)
150 2024-12-24 12:36:41,092 ERROR o.h.e.j.s.SqlExceptionHelper [http-nio-9090-exec-1] Cannot add or update a child row: a foreign key constraint fails (`ecom`.`payment`, CONSTRAINT `FKotofhwcpequi5pmwi3s66tt0f` FOREIGN KEY (`cart`) REFERENCES `cart` (`cart_id`))
34 2024-12-24 12:36:41,097 ERROR c.a.a.e.GlobalExceptionHandler [http-nio-9090-exec-1] could not execute statement [Cannot add or update a child row: a foreign key constraint fails (`ecom`.`payment`, CONSTRAINT `FKotofhwcpequi5pmwi3s66tt0f` FOREIGN KEY (`cart`) REFERENCES `cart` (`cart_id`))] [insert into payment (cart,payment_status,timestamp) values (?,?,?)]; SQL [insert into payment (cart,payment_status,timestamp) values (?,?,?)]; constraint [null]
150 2024-12-24 13:12:41,661 ERROR o.h.e.j.s.SqlExceptionHelper [http-nio-9090-exec-5] Unknown column 'cart.cart_quantity' in 'field list'
34 2024-12-24 13:12:41,669 ERROR c.a.a.e.GlobalExceptionHandler [http-nio-9090-exec-5] JDBC exception executing SQL [select cart.cart_id,cart.timestamp,cart.cart_quantity,product.product_name,product.product_price,product.product_quantity,user.user_name,user.user_email,user.phone_number,user.user_age from cart join product on cart.product=product.product_id join user on cart.user=user.user_id] [Unknown column 'cart.cart_quantity' in 'field list'] [n/a]; SQL [n/a]
150 2024-12-24 13:53:47,175 ERROR o.h.e.j.s.SqlExceptionHelper [http-nio-9090-exec-5] Duplicate entry '9' for key 'cart.UK9emlp6m95v5er2bcqkjsw48he'
34 2024-12-24 13:53:47,182 ERROR c.a.a.e.GlobalExceptionHandler [http-nio-9090-exec-5] could not execute statement [Duplicate entry '9' for key 'cart.UK9emlp6m95v5er2bcqkjsw48he'] [insert into cart (timestamp,user_id) values (?,?)]; SQL [insert into cart (timestamp,user_id) values (?,?)]; constraint [cart.UK9emlp6m95v5er2bcqkjsw48he]
150 2024-12-24 13:54:25,242 ERROR o.h.e.j.s.SqlExceptionHelper [http-nio-9090-exec-1] Duplicate entry '9' for key 'cart.UK9emlp6m95v5er2bcqkjsw48he'
34 2024-12-24 13:54:25,248 ERROR c.a.a.e.GlobalExceptionHandler [http-nio-9090-exec-1] could not execute statement [Duplicate entry '9' for key 'cart.UK9emlp6m95v5er2bcqkjsw48he'] [insert into cart (timestamp,user_id) values (?,?)]; SQL [insert into cart (timestamp,user_id) values (?,?)]; constraint [cart.UK9emlp6m95v5er2bcqkjsw48he]
34 2024-12-24 14:10:32,218 ERROR c.a.a.e.GlobalExceptionHandler [http-nio-9090-exec-3] org.hibernate.TransientPropertyValueException: Not-null property references a transient value - transient instance must be saved before current operation: com.adminpanel.adminpanel.models.CartProductModel.cart -> com.adminpanel.adminpanel.models.CartModel
34 2024-12-24 14:11:52,277 ERROR c.a.a.e.GlobalExceptionHandler [http-nio-9090-exec-2] org.hibernate.TransientPropertyValueException: Not-null property references a transient value - transient instance must be saved before current operation: com.adminpanel.adminpanel.models.CartProductModel.cart -> com.adminpanel.adminpanel.models.CartModel
34 2024-12-24 14:12:23,890 ERROR c.a.a.e.GlobalExceptionHandler [http-nio-9090-exec-1] org.hibernate.TransientPropertyValueException: Not-null property references a transient value - transient instance must be saved before current operation: com.adminpanel.adminpanel.models.CartProductModel.cart -> com.adminpanel.adminpanel.models.CartModel
34 2024-12-24 14:12:40,327 ERROR c.a.a.e.GlobalExceptionHandler [http-nio-9090-exec-3] org.hibernate.TransientPropertyValueException: Not-null property references a transient value - transient instance must be saved before current operation: com.adminpanel.adminpanel.models.CartProductModel.cart -> com.adminpanel.adminpanel.models.CartModel
34 2024-12-24 14:16:31,854 ERROR c.a.a.e.GlobalExceptionHandler [http-nio-9090-exec-1] org.hibernate.TransientPropertyValueException: Not-null property references a transient value - transient instance must be saved before current operation: com.adminpanel.adminpanel.models.CartProductModel.cart -> com.adminpanel.adminpanel.models.CartModel
34 2024-12-24 14:17:08,235 ERROR c.a.a.e.GlobalExceptionHandler [http-nio-9090-exec-2] org.hibernate.TransientPropertyValueException: Not-null property references a transient value - transient instance must be saved before current operation: com.adminpanel.adminpanel.models.CartProductModel.cart -> com.adminpanel.adminpanel.models.CartModel
150 2024-12-24 14:21:31,088 ERROR o.h.e.j.s.SqlExceptionHelper [http-nio-9090-exec-2] Unknown column 'cart_id' in 'field list'
34 2024-12-24 14:21:31,093 ERROR c.a.a.e.GlobalExceptionHandler [http-nio-9090-exec-2] JDBC exception executing SQL [select cart_id  where user_id=?] [Unknown column 'cart_id' in 'field list'] [n/a]; SQL [n/a]
34 2024-12-24 14:22:02,695 ERROR c.a.a.e.GlobalExceptionHandler [http-nio-9090-exec-1] org.hibernate.TransientPropertyValueException: Not-null property references a transient value - transient instance must be saved before current operation: com.adminpanel.adminpanel.models.CartProductModel.cart -> com.adminpanel.adminpanel.models.CartModel
34 2024-12-24 14:24:14,789 ERROR c.a.a.e.GlobalExceptionHandler [http-nio-9090-exec-1] org.hibernate.TransientPropertyValueException: Not-null property references a transient value - transient instance must be saved before current operation: com.adminpanel.adminpanel.models.CartProductModel.cart -> com.adminpanel.adminpanel.models.CartModel
34 2024-12-24 14:24:47,200 ERROR c.a.a.e.GlobalExceptionHandler [http-nio-9090-exec-2] org.hibernate.TransientPropertyValueException: Not-null property references a transient value - transient instance must be saved before current operation: com.adminpanel.adminpanel.models.CartProductModel.cart -> com.adminpanel.adminpanel.models.CartModel
34 2024-12-24 14:25:51,591 ERROR c.a.a.e.GlobalExceptionHandler [http-nio-9090-exec-1] org.hibernate.TransientPropertyValueException: Not-null property references a transient value - transient instance must be saved before current operation: com.adminpanel.adminpanel.models.CartProductModel.cart -> com.adminpanel.adminpanel.models.CartModel
34 2024-12-24 14:27:11,555 ERROR c.a.a.e.GlobalExceptionHandler [http-nio-9090-exec-2] org.hibernate.TransientPropertyValueException: Not-null property references a transient value - transient instance must be saved before current operation: com.adminpanel.adminpanel.models.CartProductModel.cart -> com.adminpanel.adminpanel.models.CartModel
34 2024-12-24 14:27:48,141 ERROR c.a.a.e.GlobalExceptionHandler [http-nio-9090-exec-3] org.hibernate.TransientPropertyValueException: Not-null property references a transient value - transient instance must be saved before current operation: com.adminpanel.adminpanel.models.CartProductModel.cart -> com.adminpanel.adminpanel.models.CartModel
34 2024-12-24 17:14:28,185 ERROR c.a.a.e.GlobalExceptionHandler [http-nio-9090-exec-1] org.hibernate.TransientPropertyValueException: Not-null property references a transient value - transient instance must be saved before current operation: com.adminpanel.adminpanel.models.CartProductModel.cart -> com.adminpanel.adminpanel.models.CartModel
34 2024-12-24 18:05:58,951 ERROR c.a.a.e.GlobalExceptionHandler [http-nio-9090-exec-1] org.hibernate.TransientPropertyValueException: Not-null property references a transient value - transient instance must be saved before current operation: com.adminpanel.adminpanel.models.CartProductModel.cart -> com.adminpanel.adminpanel.models.CartModel
34 2024-12-24 18:06:25,046 ERROR c.a.a.e.GlobalExceptionHandler [http-nio-9090-exec-1] org.hibernate.TransientPropertyValueException: Not-null property references a transient value - transient instance must be saved before current operation: com.adminpanel.adminpanel.models.CartProductModel.cart -> com.adminpanel.adminpanel.models.CartModel
34 2024-12-24 18:12:47,039 ERROR c.a.a.e.GlobalExceptionHandler [http-nio-9090-exec-6] Index 0 out of bounds for length 0
34 2024-12-24 18:13:13,392 ERROR c.a.a.e.GlobalExceptionHandler [http-nio-9090-exec-9] Index 0 out of bounds for length 0
34 2024-12-24 18:13:39,057 ERROR c.a.a.e.GlobalExceptionHandler [http-nio-9090-exec-1] Index 0 out of bounds for length 0
34 2024-12-24 18:13:51,319 ERROR c.a.a.e.GlobalExceptionHandler [http-nio-9090-exec-1] Index 0 out of bounds for length 0
150 2024-12-24 18:20:36,587 ERROR o.h.e.j.s.SqlExceptionHelper [http-nio-9090-exec-4] Unknown column 'cart_quantity' in 'field list'
34 2024-12-24 18:20:36,595 ERROR c.a.a.e.GlobalExceptionHandler [http-nio-9090-exec-4] JDBC exception executing SQL [update cart set cart_quantity=? where cart_id=?] [Unknown column 'cart_quantity' in 'field list'] [n/a]; SQL [n/a]
150 2024-12-24 18:28:50,312 ERROR o.h.e.j.s.SqlExceptionHelper [http-nio-9090-exec-7] Cannot delete or update a parent row: a foreign key constraint fails (`ecom`.`cart_items`, CONSTRAINT `FK99e0am9jpriwxcm6is7xfedy3` FOREIGN KEY (`cart_id`) REFERENCES `cart` (`cart_id`))
34 2024-12-24 18:28:50,321 ERROR c.a.a.e.GlobalExceptionHandler [http-nio-9090-exec-7] could not execute statement [Cannot delete or update a parent row: a foreign key constraint fails (`ecom`.`cart_items`, CONSTRAINT `FK99e0am9jpriwxcm6is7xfedy3` FOREIGN KEY (`cart_id`) REFERENCES `cart` (`cart_id`))] [delete from cart where cart_id=?]; SQL [delete from cart where cart_id=?]; constraint [null]
